<?xml version="1.0" encoding="UTF-8"?>
<!-- Generated by org.testng.reporters.JUnitReportReporter -->
<testsuite skipped="0" hostname="DESKTOP-GGC2QDQ" name="testRunners.ApiRunner" tests="1" failures="0" timestamp="2020-04-02T12:00:47 CST" time="4.177" errors="0">
  <testcase name="runScenario" time="4.177" classname="testRunners.ApiRunner"/>
  <system-out/>
</testsuite> <!-- testRunners.ApiRunner -->
